
Circuit 1 cell sky130_fd_pr__pfet_01v8 and Circuit 2 cell sky130_fd_pr__pfet_01v8 are black boxes.
Warning: Equate pins:  cell sky130_fd_pr__pfet_01v8 is a placeholder, treated as a black box.
Warning: Equate pins:  cell sky130_fd_pr__pfet_01v8 is a placeholder, treated as a black box.

Subcircuit pins:
Circuit 1: sky130_fd_pr__pfet_01v8         |Circuit 2: sky130_fd_pr__pfet_01v8         
-------------------------------------------|-------------------------------------------
1                                          |1                                          
2                                          |2                                          
3                                          |3                                          
4                                          |4                                          
---------------------------------------------------------------------------------------
Cell pin lists are equivalent.
Device classes sky130_fd_pr__pfet_01v8 and sky130_fd_pr__pfet_01v8 are equivalent.

Circuit 1 cell sky130_fd_pr__nfet_01v8 and Circuit 2 cell sky130_fd_pr__nfet_01v8 are black boxes.
Warning: Equate pins:  cell sky130_fd_pr__nfet_01v8 is a placeholder, treated as a black box.
Warning: Equate pins:  cell sky130_fd_pr__nfet_01v8 is a placeholder, treated as a black box.

Subcircuit pins:
Circuit 1: sky130_fd_pr__nfet_01v8         |Circuit 2: sky130_fd_pr__nfet_01v8         
-------------------------------------------|-------------------------------------------
1                                          |1                                          
2                                          |2                                          
3                                          |3                                          
4                                          |4                                          
---------------------------------------------------------------------------------------
Cell pin lists are equivalent.
Device classes sky130_fd_pr__nfet_01v8 and sky130_fd_pr__nfet_01v8 are equivalent.

Circuit 1 cell sky130_fd_pr__res_generic_po and Circuit 2 cell sky130_fd_pr__res_generic_po are black boxes.
Warning: Equate pins:  cell sky130_fd_pr__res_generic_po is a placeholder, treated as a black box.
Warning: Equate pins:  cell sky130_fd_pr__res_generic_po is a placeholder, treated as a black box.

Subcircuit pins:
Circuit 1: sky130_fd_pr__res_generic_po    |Circuit 2: sky130_fd_pr__res_generic_po    
-------------------------------------------|-------------------------------------------
1                                          |1                                          
2                                          |2                                          
---------------------------------------------------------------------------------------
Cell pin lists are equivalent.
Device classes sky130_fd_pr__res_generic_po and sky130_fd_pr__res_generic_po are equivalent.
Flattening unmatched subcell sky130_fd_pr__pfet_01v8_R3FGVA in circuit opamp (1)(2 instances)
Flattening unmatched subcell sky130_fd_pr__nfet_01v8_XZTLFT in circuit opamp (1)(2 instances)
Flattening unmatched subcell sky130_fd_pr__nfet_01v8_DAKYLM in circuit opamp (1)(1 instance)
Flattening unmatched subcell sky130_fd_pr__nfet_01v8_5Y6VJK in circuit opamp (1)(1 instance)
Flattening unmatched subcell sky130_fd_pr__res_generic_po_UTTMMG in circuit opamp (1)(1 instance)
Flattening unmatched subcell sky130_fd_pr__pfet_01v8_655UAJ in circuit opamp (1)(2 instances)
Flattening unmatched subcell sky130_fd_pr__nfet_01v8_XKTGFS in circuit opamp (1)(2 instances)

Class opamp (1):  Merged 22 parallel devices.
Subcircuit summary:
Circuit 1: opamp                           |Circuit 2: opamp                           
-------------------------------------------|-------------------------------------------
sky130_fd_pr__pfet_01v8 (4)                |sky130_fd_pr__pfet_01v8 (22->4)            
sky130_fd_pr__nfet_01v8 (6)                |sky130_fd_pr__nfet_01v8 (10->6)            
sky130_fd_pr__res_generic_po (1)           |sky130_fd_pr__res_generic_po (1)           
Number of devices: 11                      |Number of devices: 11                      
Number of nets: 12                         |Number of nets: 12                         
---------------------------------------------------------------------------------------
Resolving symmetries by property value.
Resolving symmetries by pin name.
Netlists match uniquely with property errors.
sky130_fd_pr__res_generic_po:R2 vs. sky130_fd_pr__res_generic_po_UTTMMG_0/sky130_fd_pr__res_generic_po:0:
 L circuit1: 3.95   circuit2: 1.65   (delta=82.1%, cutoff=1%)
 W circuit1: 1   circuit2: 0.33   (delta=101%, cutoff=1%)

Subcircuit pins:
Circuit 1: opamp                           |Circuit 2: opamp                           
-------------------------------------------|-------------------------------------------
gnd                                        |gnd                                        
vin1                                       |vin1                                       
vin2                                       |vin2                                       
vdd                                        |vdd                                        
vb1                                        |vb1                                        
vb2                                        |vb2                                        
vout2                                      |vout2                                      
vout1                                      |vout1                                      
---------------------------------------------------------------------------------------
Cell pin lists are equivalent.
Device classes opamp and opamp are equivalent.

Final result: Circuits match uniquely.
Property errors were found.

The following cells had property errors:
 opamp
